{
  "RSpec": {
    "coverage": {
      "/Users/zerokarmaleft/Projects/codesy/patronage/app/controllers/bids_controller.rb": [
        1,
        1,
        null,
        1,
        8,
        null,
        null,
        1,
        1,
        1,
        null,
        null,
        1,
        0,
        0,
        null,
        0,
        0,
        null,
        0,
        0,
        null,
        null,
        null,
        1,
        null,
        1,
        0,
        null,
        null
      ],
      "/Users/zerokarmaleft/Projects/codesy/patronage/app/controllers/application_controller.rb": [
        1,
        null,
        null,
        1,
        null
      ],
      "/Users/zerokarmaleft/Projects/codesy/patronage/spec/controllers/users_controller_spec.rb": [
        1,
        null,
        1,
        null,
        null
      ],
      "/Users/zerokarmaleft/Projects/codesy/patronage/app/controllers/users_controller.rb": [
        1,
        1,
        0,
        null,
        null,
        1,
        0,
        null,
        null,
        1,
        0,
        null,
        0,
        0,
        null,
        null,
        null,
        1,
        0,
        null,
        null,
        1,
        null,
        1,
        0,
        null,
        null
      ],
      "/Users/zerokarmaleft/Projects/codesy/patronage/spec/features/creating_bids_spec.rb": [
        1,
        null,
        1,
        1,
        1,
        null,
        1,
        1,
        1,
        1,
        1,
        null,
        1,
        null,
        null
      ],
      "/Users/zerokarmaleft/Projects/codesy/patronage/spec/features/signing_in_spec.rb": [
        1,
        null,
        1,
        1,
        1,
        null,
        1,
        1,
        1,
        1,
        1,
        null,
        1,
        1,
        null,
        null
      ],
      "/Users/zerokarmaleft/Projects/codesy/patronage/spec/features/signing_out_spec.rb": [
        1,
        null,
        1,
        1,
        1,
        null,
        1,
        1,
        1,
        1,
        1,
        1,
        null,
        1,
        null,
        null
      ],
      "/Users/zerokarmaleft/Projects/codesy/patronage/spec/features/signing_up_spec.rb": [
        1,
        null,
        1,
        1,
        1,
        1,
        1,
        1,
        1,
        1,
        null,
        1,
        null,
        null
      ],
      "/Users/zerokarmaleft/Projects/codesy/patronage/spec/features/viewing_bids_spec.rb": [
        1,
        null,
        1,
        1,
        1,
        1,
        3,
        null,
        null,
        null,
        null,
        null,
        null,
        1,
        null,
        1,
        3,
        null,
        null,
        null
      ],
      "/Users/zerokarmaleft/Projects/codesy/patronage/spec/helpers/bids_helper_spec.rb": [
        1,
        null,
        null,
        null,
        null,
        null,
        null,
        null,
        null,
        null,
        null,
        null,
        1,
        null,
        null
      ],
      "/Users/zerokarmaleft/Projects/codesy/patronage/spec/helpers/users_helper_spec.rb": [
        1,
        null,
        null,
        null,
        null,
        null,
        null,
        null,
        null,
        null,
        null,
        null,
        1,
        null,
        null
      ],
      "/Users/zerokarmaleft/Projects/codesy/patronage/spec/models/bid_spec.rb": [
        1,
        null,
        1,
        2,
        null
      ],
      "/Users/zerokarmaleft/Projects/codesy/patronage/app/models/bid.rb": [
        1,
        1,
        null
      ],
      "/Users/zerokarmaleft/Projects/codesy/patronage/spec/models/user_spec.rb": [
        1,
        null,
        1,
        2,
        null
      ]
    },
    "timestamp": 1383407258
  }
}
